<?xml version="1.0" encoding="UTF-8"?>
<!-- Generated by org.testng.reporters.JUnitReportReporter -->
<testsuite hostname="LAPTOP-J5E58BQH" name="retail_assignment.retail" tests="12" failures="0" timestamp="11 Mar 2022 07:23:24 GMT" time="137.846" errors="0">
  <testcase name="check_filter_model" time="12.364" classname="retail_assignment.retail"/>
  <testcase name="cancel_mail" time="13.109" classname="retail_assignment.retail"/>
  <testcase name="select_catalog_product_option" time="9.028" classname="retail_assignment.retail"/>
  <testcase name="check_filter_product_name" time="9.621" classname="retail_assignment.retail"/>
  <testcase name="check_add_product_button" time="10.016" classname="retail_assignment.retail"/>
  <testcase name="add_product_feature" time="13.241" classname="retail_assignment.retail"/>
  <testcase name="select_mail_option" time="9.524" classname="retail_assignment.retail"/>
  <testcase name="check_delete_option" time="10.090" classname="retail_assignment.retail"/>
  <testcase name="check_filter_quantity" time="12.296" classname="retail_assignment.retail"/>
  <testcase name="check_filter_price" time="12.783" classname="retail_assignment.retail"/>
  <testcase name="check_filter_status" time="11.439" classname="retail_assignment.retail"/>
  <testcase name="send_mail" time="14.335" classname="retail_assignment.retail"/>
</testsuite> <!-- retail_assignment.retail -->
